<?xml version="1.0" encoding="UTF-8"?>
<!-- Generated by org.testng.reporters.JUnitReportReporter -->
<testsuite name="com.Mycomp.MavenJenkins.MavenJenkins.EditCustomer" tests="1" time="17.889" ignored="0" failures="0" timestamp="08 Feb 2017 04:32:19 GMT" skipped="0" hostname="Dhir-PC" errors="0">
  <testcase name="customerEdit" time="17.889" classname="com.Mycomp.MavenJenkins.MavenJenkins.EditCustomer"/>
</testsuite> <!-- com.Mycomp.MavenJenkins.MavenJenkins.EditCustomer -->
