<?xml version="1.0" encoding="UTF-8"?>
<!-- Generated by org.testng.reporters.JUnitReportReporter -->
<testsuite name="com.Mycomp.MavenJenkins.MavenJenkins.AddCustomer" tests="1" time="29.024" ignored="0" failures="0" timestamp="08 Feb 2017 04:24:03 GMT" skipped="0" hostname="Dhir-PC" errors="0">
  <testcase name="custAddTestNG" time="29.024" classname="com.Mycomp.MavenJenkins.MavenJenkins.AddCustomer"/>
</testsuite> <!-- com.Mycomp.MavenJenkins.MavenJenkins.AddCustomer -->
