<?xml version="1.0" encoding="UTF-8"?>
<!-- Generated by org.testng.reporters.JUnitReportReporter -->
<testsuite name="com.Mycomp.MavenJenkins.MavenJenkins.DeleteCustomer" tests="1" time="12.901" ignored="0" failures="0" timestamp="08 Feb 2017 04:35:43 GMT" skipped="0" hostname="Dhir-PC" errors="0">
  <testcase name="custDelete" time="12.901" classname="com.Mycomp.MavenJenkins.MavenJenkins.DeleteCustomer"/>
</testsuite> <!-- com.Mycomp.MavenJenkins.MavenJenkins.DeleteCustomer -->
